<?xml version="1.0" encoding="UTF-8"?>
<!-- Generated by org.testng.reporters.JUnitXMLReporter -->
<testsuite hostname="DESKTOP-I5FDIJE" ignored="2" name="Default test" tests="1" failures="0" timestamp="14 Apr 2019 19:50:22 GMT" time="11.215" errors="0">
  <testcase name="loginwithvaliduser2" time="6.907" classname="Testngdemo1.NewTest"/>
  <testcase name="loginwithvaliduser3" time="0.0" classname="Testngdemo1.NewTest">
    <ignored/>
  </testcase> <!-- loginwithvaliduser3 -->
  <testcase name="loginwithValiddetails" time="0.0" classname="Testngdemo1.NewTest">
    <ignored/>
  </testcase> <!-- loginwithValiddetails -->
</testsuite> <!-- Default test -->
